Using pre-set license
Built from '2021.3/staging' branch; Version is '2021.3.31f1 (3409e2af086f) revision 3410402'; Using compiler version '192829333'; Build Type 'Release'
OS: 'Windows 10  (10.0.19045) 64bit CoreSingleLanguage' Language: 'es' Physical Memory: 16147 MB
BatchMode: 1, IsHumanControllingUs: 0, StartBugReporterOnCrash: 0, Is64bit: 1, IsPro: 1

COMMAND LINE ARGUMENTS:
C:\Program Files\Unity\Hub\Editor\2021.3.31f1\Editor\Unity.exe
-adb2
-batchMode
-noUpm
-name
AssetImportWorker0
-projectPath
C:/Users/Angelo/Projects Unity/VR_Escape_room_2021
-logFile
Logs/AssetImportWorker0.log
-srvPort
49535
Successfully changed project path to: C:/Users/Angelo/Projects Unity/VR_Escape_room_2021
C:/Users/Angelo/Projects Unity/VR_Escape_room_2021
[UnityMemory] Configuration Parameters - Can be set up in boot.config
    "memorysetup-bucket-allocator-granularity=16"
    "memorysetup-bucket-allocator-bucket-count=8"
    "memorysetup-bucket-allocator-block-size=33554432"
    "memorysetup-bucket-allocator-block-count=8"
    "memorysetup-main-allocator-block-size=16777216"
    "memorysetup-thread-allocator-block-size=16777216"
    "memorysetup-gfx-main-allocator-block-size=16777216"
    "memorysetup-gfx-thread-allocator-block-size=16777216"
    "memorysetup-cache-allocator-block-size=4194304"
    "memorysetup-typetree-allocator-block-size=2097152"
    "memorysetup-profiler-bucket-allocator-granularity=16"
    "memorysetup-profiler-bucket-allocator-bucket-count=8"
    "memorysetup-profiler-bucket-allocator-block-size=33554432"
    "memorysetup-profiler-bucket-allocator-block-count=8"
    "memorysetup-profiler-allocator-block-size=16777216"
    "memorysetup-profiler-editor-allocator-block-size=1048576"
    "memorysetup-temp-allocator-size-main=16777216"
    "memorysetup-job-temp-allocator-block-size=2097152"
    "memorysetup-job-temp-allocator-block-size-background=1048576"
    "memorysetup-job-temp-allocator-reduction-small-platforms=262144"
    "memorysetup-temp-allocator-size-background-worker=32768"
    "memorysetup-temp-allocator-size-job-worker=262144"
    "memorysetup-temp-allocator-size-preload-manager=33554432"
    "memorysetup-temp-allocator-size-nav-mesh-worker=65536"
    "memorysetup-temp-allocator-size-audio-worker=65536"
    "memorysetup-temp-allocator-size-cloud-worker=32768"
    "memorysetup-temp-allocator-size-gi-baking-worker=262144"
    "memorysetup-temp-allocator-size-gfx=262144"
Player connection [61600] Host "[IP] 192.168.96.1 [Port] 0 [Flags] 2 [Guid] 2409515477 [EditorId] 2409515477 [Version] 1048832 [Id] WindowsEditor(7,DESKTOP-R04OA4V) [Debug] 1 [PackageName] WindowsEditor [ProjectName] Editor" joined multi-casting on [225.0.0.222:54997]...

Player connection [61600] Host "[IP] 192.168.96.1 [Port] 0 [Flags] 2 [Guid] 2409515477 [EditorId] 2409515477 [Version] 1048832 [Id] WindowsEditor(7,DESKTOP-R04OA4V) [Debug] 1 [PackageName] WindowsEditor [ProjectName] Editor" joined alternative multi-casting on [225.0.0.222:34997]...

[Physics::Module] Initialized MultithreadedJobDispatcher with {0} workers.
Refreshing native plugins compatible for Editor in 96.36 ms, found 14 plugins.
Preloading 1 native plugins for Editor in 0.59 ms.
Initialize engine version: 2021.3.31f1 (3409e2af086f)
[Subsystems] Discovering subsystems at path C:/Program Files/Unity/Hub/Editor/2021.3.31f1/Editor/Data/Resources/UnitySubsystems
[Subsystems] Discovering subsystems at path C:/Users/Angelo/Projects Unity/VR_Escape_room_2021/Assets
GfxDevice: creating device client; threaded=0; jobified=0
Direct3D:
    Version:  Direct3D 11.0 [level 11.1]
    Renderer: NVIDIA GeForce RTX 3050 Laptop GPU (ID=0x25a2)
    Vendor:   NVIDIA
    VRAM:     3977 MB
    Driver:   31.0.15.2647
Initialize mono
Mono path[0] = 'C:/Program Files/Unity/Hub/Editor/2021.3.31f1/Editor/Data/Managed'
Mono path[1] = 'C:/Program Files/Unity/Hub/Editor/2021.3.31f1/Editor/Data/MonoBleedingEdge/lib/mono/unityjit-win32'
Mono config path = 'C:/Program Files/Unity/Hub/Editor/2021.3.31f1/Editor/Data/MonoBleedingEdge/etc'
Using monoOptions --debugger-agent=transport=dt_socket,embedding=1,server=y,suspend=n,address=127.0.0.1:56568
Begin MonoManager ReloadAssembly
Registering precompiled unity dll's ...
Register platform support module: C:/Program Files/Unity/Hub/Editor/2021.3.31f1/Editor/Data/PlaybackEngines/WebGLSupport/UnityEditor.WebGL.Extensions.dll
Register platform support module: C:/Program Files/Unity/Hub/Editor/2021.3.31f1/Editor/Data/PlaybackEngines/AndroidPlayer/UnityEditor.Android.Extensions.dll
Register platform support module: C:/Program Files/Unity/Hub/Editor/2021.3.31f1/Editor/Data/PlaybackEngines/WindowsStandaloneSupport/UnityEditor.WindowsStandalone.Extensions.dll
Registered in 0.007618 seconds.
Native extension for WindowsStandalone target not found
Native extension for Android target not found
Android Extension - Scanning For ADB Devices 248 ms
Native extension for WebGL target not found
Refreshing native plugins compatible for Editor in 80.36 ms, found 14 plugins.
Preloading 1 native plugins for Editor in 0.16 ms.
Mono: successfully reloaded assembly
- Completed reload, in  0.873 seconds
Domain Reload Profiling:
	ReloadAssembly (874ms)
		BeginReloadAssembly (87ms)
			ExecutionOrderSort (0ms)
			DisableScriptedObjects (0ms)
			BackupInstance (0ms)
			ReleaseScriptingObjects (0ms)
			CreateAndSetChildDomain (1ms)
		EndReloadAssembly (702ms)
			LoadAssemblies (85ms)
			RebuildTransferFunctionScriptingTraits (0ms)
			SetupTypeCache (94ms)
			ReleaseScriptCaches (0ms)
			RebuildScriptCaches (27ms)
			SetupLoadedEditorAssemblies (543ms)
				LogAssemblyErrors (0ms)
				InitializePlatformSupportModulesInManaged (339ms)
				SetLoadedEditorAssemblies (0ms)
				RefreshPlugins (81ms)
				BeforeProcessingInitializeOnLoad (1ms)
				ProcessInitializeOnLoadAttributes (81ms)
				ProcessInitializeOnLoadMethodAttributes (41ms)
				AfterProcessingInitializeOnLoad (0ms)
				EditorAssembliesLoaded (0ms)
			ExecutionOrderSort2 (0ms)
			AwakeInstancesAfterBackupRestoration (0ms)
Platform modules already initialized, skipping
Registering precompiled user dll's ...
Registered in 0.011516 seconds.
Begin MonoManager ReloadAssembly
Native extension for WindowsStandalone target not found
Native extension for Android target not found
Native extension for WebGL target not found
Refreshing native plugins compatible for Editor in 76.91 ms, found 14 plugins.
Preloading 1 native plugins for Editor in 0.15 ms.
Package Manager log level set to [2]
Error saving file Library/StateCache/LayerSettings/9e/9ecc5c3c162a7aba29bafa64c8b94b7c.json. Error: System.IO.IOException: Sharing violation on path C:\Users\Angelo\Projects Unity\VR_Escape_room_2021\Library\StateCache\LayerSettings\9e\9ecc5c3c162a7aba29bafa64c8b94b7c.json
  at System.IO.FileStream..ctor (System.String path, System.IO.FileMode mode, System.IO.FileAccess access, System.IO.FileShare share, System.Int32 bufferSize, System.Boolean anonymous, System.IO.FileOptions options) [0x0019e] in <afe256a0391e468fbcdb82154daad696>:0 
  at System.IO.FileStream..ctor (System.String path, System.IO.FileMode mode, System.IO.FileAccess access, System.IO.FileShare share, System.Int32 bufferSize, System.IO.FileOptions options) [0x00000] in <afe256a0391e468fbcdb82154daad696>:0 
  at (wrapper remoting-invoke-with-check) System.IO.FileStream..ctor(string,System.IO.FileMode,System.IO.FileAccess,System.IO.FileShare,int,System.IO.FileOptions)
  at System.IO.StreamWriter..ctor (System.String path, System.Boolean append, System.Text.Encoding encoding, System.Int32 bufferSize) [0x00055] in <afe256a0391e468fbcdb82154daad696>:0 
  at System.IO.StreamWriter..ctor (System.String path, System.Boolean append, System.Text.Encoding encoding) [0x00000] in <afe256a0391e468fbcdb82154daad696>:0 
  at (wrapper remoting-invoke-with-check) System.IO.StreamWriter..ctor(string,bool,System.Text.Encoding)
  at System.IO.File.WriteAllText (System.String path, System.String contents, System.Text.Encoding encoding) [0x00034] in <afe256a0391e468fbcdb82154daad696>:0 
  at UnityEditor.StateCache`1[T].SetState (UnityEngine.Hash128 key, T obj) [0x0004b] in <273a7cbcc8d7454ea7ae78e07082aa77>:0 
UnityEngine.StackTraceUtility:ExtractStackTrace ()
UnityEngine.DebugLogHandler:LogFormat (UnityEngine.LogType,UnityEngine.Object,string,object[])
UnityEngine.Logger:Log (UnityEngine.LogType,object)
UnityEngine.Debug:LogError (object)
UnityEditor.StateCache`1<UnityEditor.Tools/LayerSettings>:SetState (UnityEngine.Hash128,UnityEditor.Tools/LayerSettings)
UnityEditor.Tools:set_lockedLayers (int)
UnityEditor.Tools:OnEnable ()
UnityEngine.ScriptableObject:CreateInstance (System.Type)
UnityEngine.ScriptableObject:CreateInstance<UnityEditor.Tools> ()
UnityEditor.Tools:get_get ()
UnityEditor.Tools:get_visibleLayers ()
UnityEditor.Animations.Rigging.BoneRendererUtils:.cctor () (at Library/PackageCache/com.unity.animation.rigging@1.1.1/Editor/Utils/BoneRendererUtils.cs:121)
System.Runtime.CompilerServices.RuntimeHelpers:RunClassConstructor (System.RuntimeTypeHandle)
UnityEditor.EditorAssemblies:ProcessInitializeOnLoadAttributes (System.Type[])

(Filename: Library/PackageCache/com.unity.animation.rigging@1.1.1/Editor/Utils/BoneRendererUtils.cs Line: 121)

[Package Manager] Server::EnsureServerProcessIsRunning -- launch failed, reason: Unity was launched with the -noUpm command-line argument
[Package Manager] Cannot connect to Unity Package Manager local server
[Package Manager] Server::EnsureServerProcessIsRunning -- launch failed, reason: Unity was launched with the -noUpm command-line argument
[Package Manager] Cannot connect to Unity Package Manager local server
Mono: successfully reloaded assembly
- Completed reload, in  1.546 seconds
Domain Reload Profiling:
	ReloadAssembly (1547ms)
		BeginReloadAssembly (130ms)
			ExecutionOrderSort (0ms)
			DisableScriptedObjects (5ms)
			BackupInstance (0ms)
			ReleaseScriptingObjects (0ms)
			CreateAndSetChildDomain (20ms)
		EndReloadAssembly (1321ms)
			LoadAssemblies (118ms)
			RebuildTransferFunctionScriptingTraits (0ms)
			SetupTypeCache (264ms)
			ReleaseScriptCaches (1ms)
			RebuildScriptCaches (60ms)
			SetupLoadedEditorAssemblies (858ms)
				LogAssemblyErrors (0ms)
				InitializePlatformSupportModulesInManaged (20ms)
				SetLoadedEditorAssemblies (0ms)
				RefreshPlugins (77ms)
				BeforeProcessingInitializeOnLoad (100ms)
				ProcessInitializeOnLoadAttributes (609ms)
				ProcessInitializeOnLoadMethodAttributes (43ms)
				AfterProcessingInitializeOnLoad (8ms)
				EditorAssembliesLoaded (0ms)
			ExecutionOrderSort2 (0ms)
			AwakeInstancesAfterBackupRestoration (5ms)
Platform modules already initialized, skipping
========================================================================
Worker process is ready to serve import requests
Launched and connected shader compiler UnityShaderCompiler.exe after 0.04 seconds
Refreshing native plugins compatible for Editor in 1.43 ms, found 14 plugins.
Preloading 1 native plugins for Editor in 0.09 ms.
Unloading 4688 Unused Serialized files (Serialized files now loaded: 0)
Unloading 93 unused Assets / (49.5 KB). Loaded Objects now: 5127.
Memory consumption went from 181.7 MB to 181.7 MB.
Total: 9.563300 ms (FindLiveObjects: 0.494400 ms CreateObjectMapping: 0.320500 ms MarkObjects: 8.571100 ms  DeleteObjects: 0.175600 ms)

AssetImportParameters requested are different than current active one (requested -> active):
  custom:video-decoder-ogg-theora: a1e56fd34408186e4bbccfd4996cb3dc -> 
  custom:container-muxer-webm: aa71ff27fc2769a1b78a27578f13a17b -> 
  custom:container-demuxer-webm: 4f35f7cbe854078d1ac9338744f61a02 -> 
  custom:video-encoder-webm-vp8: eb34c28f22e8b96e1ab97ce403110664 -> 
  custom:CustomObjectIndexerAttribute: bc11b3a6c3213fcdd17b65e7da85e133 -> 
  custom:audio-encoder-webm-vorbis: bf7c407c2cedff20999df2af8eb42d56 -> 
  custom:framework-win-MediaFoundation: 216162199b28c13a410421893ffa2e32 -> 
  custom:SearchIndexIgnoredProperties: e643bd26f0fe6173181afceb89e7c659 -> 
  custom:container-demuxer-ogg: 62fdf1f143b41e24485cea50d1cbac27 -> 
  custom:video-decoder-webm-vp8: 9c59270c3fd7afecdb556c50c9e8de78 -> 
  custom:audio-decoder-ogg-vorbis: bf7c407c2cedff20999df2af8eb42d56 -> 
========================================================================
Received Import Request.
  Time since last request: 275627.387288 seconds.
  path: Assets/Objects FBX/dog.fbx
  artifactKey: Guid(643ecc7286536bf47b8422f7874a542f) Importer(815301076,1909f56bfc062723c751e8b465ee728b)
Number of updated assets reloaded before import = 0
Start importing Assets/Objects FBX/dog.fbx using Guid(643ecc7286536bf47b8422f7874a542f) Importer(815301076,1909f56bfc062723c751e8b465ee728b)  -> (artifact id: '20ece0b78995ba340239d6746f36ebf8') in 0.381602 seconds 
Number of asset objects unloaded after import = 85
========================================================================
Received Import Request.
  Time since last request: 86.728298 seconds.
  path: Assets/Objects FBX/perro.fbx
  artifactKey: Guid(011c56a37f370964da5a80d54eb97a6d) Importer(815301076,1909f56bfc062723c751e8b465ee728b)
Number of updated assets reloaded before import = 0
Start importing Assets/Objects FBX/perro.fbx using Guid(011c56a37f370964da5a80d54eb97a6d) Importer(815301076,1909f56bfc062723c751e8b465ee728b)  -> (artifact id: '28a93e307011e03e082559176d14c72b') in 0.166550 seconds 
Number of asset objects unloaded after import = 161
========================================================================
Received Import Request.
  Time since last request: 1120.031857 seconds.
  path: Assets/Objects FBX/source
  artifactKey: Guid(a6d6b38c92e1cef43b1edf58fd8f4cb6) Importer(815301076,1909f56bfc062723c751e8b465ee728b)
Number of updated assets reloaded before import = 0
Start importing Assets/Objects FBX/source using Guid(a6d6b38c92e1cef43b1edf58fd8f4cb6) Importer(815301076,1909f56bfc062723c751e8b465ee728b)  -> (artifact id: '7398547c3a72c1ec683ddbfab3014cd3') in 0.010287 seconds 
Number of asset objects unloaded after import = 0
========================================================================
Received Import Request.
  Time since last request: 1.426804 seconds.
  path: Assets/Objects FBX/source/Labrador.glb
  artifactKey: Guid(02c0d69caab706f4f8483a2f042cf3b8) Importer(815301076,1909f56bfc062723c751e8b465ee728b)
Number of updated assets reloaded before import = 0
Start importing Assets/Objects FBX/source/Labrador.glb using Guid(02c0d69caab706f4f8483a2f042cf3b8) Importer(815301076,1909f56bfc062723c751e8b465ee728b)  -> (artifact id: 'eae9b50c1478d4186add257aa915771c') in 0.012406 seconds 
Number of asset objects unloaded after import = 1
========================================================================
Received Import Request.
  Time since last request: 82.786194 seconds.
  path: Assets/Objects FBX/textures
  artifactKey: Guid(48ccb6227847953438c41784fef43f9f) Importer(815301076,1909f56bfc062723c751e8b465ee728b)
Number of updated assets reloaded before import = 0
Start importing Assets/Objects FBX/textures using Guid(48ccb6227847953438c41784fef43f9f) Importer(815301076,1909f56bfc062723c751e8b465ee728b)  -> (artifact id: '6501fcc9619ff71b9f9df4b9f2f8f67f') in 0.009991 seconds 
Number of asset objects unloaded after import = 0
========================================================================
Received Import Request.
  Time since last request: 1.202131 seconds.
  path: Assets/Objects FBX/perro.fbm
  artifactKey: Guid(d409726490015154a85c6a26a3ba3659) Importer(815301076,1909f56bfc062723c751e8b465ee728b)
Number of updated assets reloaded before import = 0
Start importing Assets/Objects FBX/perro.fbm using Guid(d409726490015154a85c6a26a3ba3659) Importer(815301076,1909f56bfc062723c751e8b465ee728b)  -> (artifact id: 'f56fd97d74411c92460db245d9e774f6') in 0.009836 seconds 
Number of asset objects unloaded after import = 0
========================================================================
Received Import Request.
  Time since last request: 1.854480 seconds.
  path: Assets/Objects FBX/textures/Image_0_1.png
  artifactKey: Guid(6b3b0c52b10b27646974d515a00f9e2b) Importer(815301076,1909f56bfc062723c751e8b465ee728b)
Number of updated assets reloaded before import = 0
Start importing Assets/Objects FBX/textures/Image_0_1.png using Guid(6b3b0c52b10b27646974d515a00f9e2b) Importer(815301076,1909f56bfc062723c751e8b465ee728b)  -> (artifact id: '75ff9aef5b665e5bb7e103f13779cc09') in 0.095645 seconds 
Number of asset objects unloaded after import = 2
========================================================================
Received Import Request.
  Time since last request: 0.000071 seconds.
  path: Assets/Objects FBX/textures/roughness_2@channels=B.png
  artifactKey: Guid(789fbd36022fbd64d9e7a569445717c7) Importer(815301076,1909f56bfc062723c751e8b465ee728b)
Number of updated assets reloaded before import = 0
Start importing Assets/Objects FBX/textures/roughness_2@channels=B.png using Guid(789fbd36022fbd64d9e7a569445717c7) Importer(815301076,1909f56bfc062723c751e8b465ee728b)  -> (artifact id: '552a7aea8d462c0aa67883e3d068d460') in 0.037653 seconds 
Number of asset objects unloaded after import = 2
========================================================================
Received Import Request.
  Time since last request: 77.528230 seconds.
  path: Assets/Objects FBX/perro.fbx
  artifactKey: Guid(011c56a37f370964da5a80d54eb97a6d) Importer(815301076,1909f56bfc062723c751e8b465ee728b)
Number of updated assets reloaded before import = 0
Start importing Assets/Objects FBX/perro.fbx using Guid(011c56a37f370964da5a80d54eb97a6d) Importer(815301076,1909f56bfc062723c751e8b465ee728b)  -> (artifact id: 'fc00ce07c025ed964f7fe20f47cf055d') in 0.151548 seconds 
Number of asset objects unloaded after import = 161
========================================================================
Received Import Request.
  Time since last request: 1890.796670 seconds.
  path: Assets/Objects FBX/US School Desk.fbx
  artifactKey: Guid(e840a514ec49e44479c73c2b9efd77af) Importer(815301076,1909f56bfc062723c751e8b465ee728b)
Number of updated assets reloaded before import = 0
Start importing Assets/Objects FBX/US School Desk.fbx using Guid(e840a514ec49e44479c73c2b9efd77af) Importer(815301076,1909f56bfc062723c751e8b465ee728b)  -> (artifact id: 'a12540715f9072e1eede5f954a85635c') in 0.063221 seconds 
Number of asset objects unloaded after import = 10
========================================================================
Received Import Request.
  Time since last request: 18.316887 seconds.
  path: Assets/Objects FBX/US School Desk.fbx
  artifactKey: Guid(e840a514ec49e44479c73c2b9efd77af) Importer(815301076,1909f56bfc062723c751e8b465ee728b)
Number of updated assets reloaded before import = 0
Start importing Assets/Objects FBX/US School Desk.fbx using Guid(e840a514ec49e44479c73c2b9efd77af) Importer(815301076,1909f56bfc062723c751e8b465ee728b)  -> (artifact id: '8d469fce5938bc7ac53adbc9d849a8b0') in 0.032866 seconds 
Number of asset objects unloaded after import = 10
========================================================================
Received Import Request.
  Time since last request: 1.194724 seconds.
  path: Assets/Objects FBX/US_School_Desk
  artifactKey: Guid(0ca50413fbb4a4c498aa9093a7197151) Importer(815301076,1909f56bfc062723c751e8b465ee728b)
Number of updated assets reloaded before import = 0
Start importing Assets/Objects FBX/US_School_Desk using Guid(0ca50413fbb4a4c498aa9093a7197151) Importer(815301076,1909f56bfc062723c751e8b465ee728b)  -> (artifact id: 'd7f7482323ec1c43dff4ebc138badbc8') in 0.010610 seconds 
Number of asset objects unloaded after import = 0
========================================================================
Received Import Request.
  Time since last request: 0.101765 seconds.
  path: Assets/Objects FBX/US_School_Desk/mat_metal.mat
  artifactKey: Guid(1b0d1e7f1becdfd48aecda1d7fcb351d) Importer(815301076,1909f56bfc062723c751e8b465ee728b)
Number of updated assets reloaded before import = 0
Start importing Assets/Objects FBX/US_School_Desk/mat_metal.mat using Guid(1b0d1e7f1becdfd48aecda1d7fcb351d) Importer(815301076,1909f56bfc062723c751e8b465ee728b)  -> (artifact id: 'e3d6feba9c3a754c2b12a656b84b8379') in 0.020980 seconds 
Number of asset objects unloaded after import = 1
========================================================================
Received Import Request.
  Time since last request: 0.000019 seconds.
  path: Assets/Objects FBX/US_School_Desk/mat_wood.mat
  artifactKey: Guid(ed7d6c238db3aaf41a8f18dfb28a02e7) Importer(815301076,1909f56bfc062723c751e8b465ee728b)
Number of updated assets reloaded before import = 0
Start importing Assets/Objects FBX/US_School_Desk/mat_wood.mat using Guid(ed7d6c238db3aaf41a8f18dfb28a02e7) Importer(815301076,1909f56bfc062723c751e8b465ee728b)  -> (artifact id: '58e2b8e51b60729681bbeae230a33b92') in 0.016833 seconds 
Number of asset objects unloaded after import = 1
========================================================================
Received Prepare
Registering precompiled user dll's ...
Registered in 0.009994 seconds.
Begin MonoManager ReloadAssembly
Native extension for WindowsStandalone target not found
Native extension for Android target not found
Native extension for WebGL target not found
Refreshing native plugins compatible for Editor in 1.31 ms, found 14 plugins.
Preloading 1 native plugins for Editor in 0.10 ms.
[Package Manager] Server::EnsureServerProcessIsRunning -- launch failed, reason: Unity was launched with the -noUpm command-line argument
[Package Manager] Cannot connect to Unity Package Manager local server
[Package Manager] Server::EnsureServerProcessIsRunning -- launch failed, reason: Unity was launched with the -noUpm command-line argument
[Package Manager] Cannot connect to Unity Package Manager local server
[Package Manager] Server::EnsureServerProcessIsRunning -- launch failed, reason: Unity was launched with the -noUpm command-line argument
[Package Manager] Cannot connect to Unity Package Manager local server
[Package Manager] Server::EnsureServerProcessIsRunning -- launch failed, reason: Unity was launched with the -noUpm command-line argument
[Package Manager] Cannot connect to Unity Package Manager local server
Mono: successfully reloaded assembly
- Completed reload, in  1.703 seconds
Domain Reload Profiling:
	ReloadAssembly (1704ms)
		BeginReloadAssembly (240ms)
			ExecutionOrderSort (0ms)
			DisableScriptedObjects (10ms)
			BackupInstance (0ms)
			ReleaseScriptingObjects (0ms)
			CreateAndSetChildDomain (91ms)
		EndReloadAssembly (1370ms)
			LoadAssemblies (97ms)
			RebuildTransferFunctionScriptingTraits (0ms)
			SetupTypeCache (268ms)
			ReleaseScriptCaches (2ms)
			RebuildScriptCaches (47ms)
			SetupLoadedEditorAssemblies (796ms)
				LogAssemblyErrors (0ms)
				InitializePlatformSupportModulesInManaged (27ms)
				SetLoadedEditorAssemblies (0ms)
				RefreshPlugins (1ms)
				BeforeProcessingInitializeOnLoad (84ms)
				ProcessInitializeOnLoadAttributes (623ms)
				ProcessInitializeOnLoadMethodAttributes (49ms)
				AfterProcessingInitializeOnLoad (10ms)
				EditorAssembliesLoaded (0ms)
			ExecutionOrderSort2 (0ms)
			AwakeInstancesAfterBackupRestoration (9ms)
Platform modules already initialized, skipping
Refreshing native plugins compatible for Editor in 1.22 ms, found 14 plugins.
Preloading 1 native plugins for Editor in 0.12 ms.
Unloading 4658 Unused Serialized files (Serialized files now loaded: 0)
Unloading 86 unused Assets / (25.0 KB). Loaded Objects now: 5178.
Memory consumption went from 192.4 MB to 192.4 MB.
Total: 5.059400 ms (FindLiveObjects: 0.441600 ms CreateObjectMapping: 0.243500 ms MarkObjects: 4.212200 ms  DeleteObjects: 0.160300 ms)

AssetImportParameters requested are different than current active one (requested -> active):
  custom:video-decoder-ogg-theora: a1e56fd34408186e4bbccfd4996cb3dc -> 
  custom:container-muxer-webm: aa71ff27fc2769a1b78a27578f13a17b -> 
  custom:container-demuxer-webm: 4f35f7cbe854078d1ac9338744f61a02 -> 
  custom:video-encoder-webm-vp8: eb34c28f22e8b96e1ab97ce403110664 -> 
  custom:CustomObjectIndexerAttribute: bc11b3a6c3213fcdd17b65e7da85e133 -> 
  custom:audio-encoder-webm-vorbis: bf7c407c2cedff20999df2af8eb42d56 -> 
  custom:framework-win-MediaFoundation: 216162199b28c13a410421893ffa2e32 -> 
  custom:SearchIndexIgnoredProperties: e643bd26f0fe6173181afceb89e7c659 -> 
  custom:container-demuxer-ogg: 62fdf1f143b41e24485cea50d1cbac27 -> 
  custom:video-decoder-webm-vp8: 9c59270c3fd7afecdb556c50c9e8de78 -> 
  custom:audio-decoder-ogg-vorbis: bf7c407c2cedff20999df2af8eb42d56 -> 
========================================================================
Received Import Request.
  Time since last request: 376.371233 seconds.
  path: Assets/Sounds/Object Names/College_Chair_Object.mp3
  artifactKey: Guid(4414df08194910f4f987c29d5b760256) Importer(815301076,1909f56bfc062723c751e8b465ee728b)
Number of updated assets reloaded before import = 0
Start importing Assets/Sounds/Object Names/College_Chair_Object.mp3 using Guid(4414df08194910f4f987c29d5b760256) Importer(815301076,1909f56bfc062723c751e8b465ee728b)  -> (artifact id: 'af5eaf6d591e3c943252e567e0e133aa') in 0.099715 seconds 
Number of asset objects unloaded after import = 2
========================================================================
Received Import Request.
  Time since last request: 494.827190 seconds.
  path: Assets/Objects FBX/Closet.obj
  artifactKey: Guid(ec9ace10f3fb54b4d89abc716f3a1e50) Importer(815301076,1909f56bfc062723c751e8b465ee728b)
Number of updated assets reloaded before import = 0
Start importing Assets/Objects FBX/Closet.obj using Guid(ec9ace10f3fb54b4d89abc716f3a1e50) Importer(815301076,1909f56bfc062723c751e8b465ee728b)  -> (artifact id: 'a6d629f54a54c22381c1c7c59bc8a848') in 0.119065 seconds 
Number of asset objects unloaded after import = 10
========================================================================
Received Import Request.
  Time since last request: 39.896183 seconds.
  path: Assets/Objects FBX/Closet.obj
  artifactKey: Guid(ec9ace10f3fb54b4d89abc716f3a1e50) Importer(815301076,1909f56bfc062723c751e8b465ee728b)
Number of updated assets reloaded before import = 0
Start importing Assets/Objects FBX/Closet.obj using Guid(ec9ace10f3fb54b4d89abc716f3a1e50) Importer(815301076,1909f56bfc062723c751e8b465ee728b)  -> (artifact id: '8b2c82fd89f7fe966535688d9320b8b5') in 0.083622 seconds 
Number of asset objects unloaded after import = 10
========================================================================
Received Import Request.
  Time since last request: 13.017867 seconds.
  path: Assets/Objects FBX/Random Materials
  artifactKey: Guid(8b25fed935c6a7d489d7566b0ad59b75) Importer(815301076,1909f56bfc062723c751e8b465ee728b)
Number of updated assets reloaded before import = 0
Start importing Assets/Objects FBX/Random Materials using Guid(8b25fed935c6a7d489d7566b0ad59b75) Importer(815301076,1909f56bfc062723c751e8b465ee728b)  -> (artifact id: '1a5977ab4a754ea06281e502d7c6c339') in 0.009845 seconds 
Number of asset objects unloaded after import = 0
========================================================================
Received Import Request.
  Time since last request: 0.033603 seconds.
  path: Assets/Objects FBX/Random Materials/defaultMat.mat
  artifactKey: Guid(bb2cd4c5a33d0824a9166ab9c68571f9) Importer(815301076,1909f56bfc062723c751e8b465ee728b)
Number of updated assets reloaded before import = 0
Start importing Assets/Objects FBX/Random Materials/defaultMat.mat using Guid(bb2cd4c5a33d0824a9166ab9c68571f9) Importer(815301076,1909f56bfc062723c751e8b465ee728b)  -> (artifact id: '9bb6a3b5297bb601b23493da254c11a5') in 0.015249 seconds 
Number of asset objects unloaded after import = 1
========================================================================
Received Import Request.
  Time since last request: 6.488886 seconds.
  path: Assets/Objects FBX/Random Materials/uploads_files_3226556_rustic+wardrobe.mtl
  artifactKey: Guid(02769a98fa79729458a7a9c459b87dbe) Importer(815301076,1909f56bfc062723c751e8b465ee728b)
Number of updated assets reloaded before import = 0
Start importing Assets/Objects FBX/Random Materials/uploads_files_3226556_rustic+wardrobe.mtl using Guid(02769a98fa79729458a7a9c459b87dbe) Importer(815301076,1909f56bfc062723c751e8b465ee728b)  -> (artifact id: 'a72b9e12efc75f5fa8a58d2017d00c54') in 0.011549 seconds 
Number of asset objects unloaded after import = 1
========================================================================
Received Import Request.
  Time since last request: 368.089336 seconds.
  path: Assets/Objects FBX/Arm치rio.fbx
  artifactKey: Guid(d098b810f84c382448ac2770f05fa4ec) Importer(815301076,1909f56bfc062723c751e8b465ee728b)
Number of updated assets reloaded before import = 0
Start importing Assets/Objects FBX/Arm치rio.fbx using Guid(d098b810f84c382448ac2770f05fa4ec) Importer(815301076,1909f56bfc062723c751e8b465ee728b)  -> (artifact id: 'a338ee3c9fb96c2c2f91ef80310acba5') in 0.049975 seconds 
Number of asset objects unloaded after import = 151
========================================================================
Received Import Request.
  Time since last request: 12.497365 seconds.
  path: Assets/Objects FBX/Arm치rio.fbx
  artifactKey: Guid(d098b810f84c382448ac2770f05fa4ec) Importer(815301076,1909f56bfc062723c751e8b465ee728b)
Number of updated assets reloaded before import = 0
Start importing Assets/Objects FBX/Arm치rio.fbx using Guid(d098b810f84c382448ac2770f05fa4ec) Importer(815301076,1909f56bfc062723c751e8b465ee728b)  -> (artifact id: '8ff64c183ec7c9f4006a3d777a25e870') in 0.041786 seconds 
Number of asset objects unloaded after import = 151
========================================================================
Received Import Request.
  Time since last request: 151.737069 seconds.
  path: Assets/Objects FBX/Random Materials/lambert1.mat
  artifactKey: Guid(e3de83f6223a15444abbfcdfe001bee5) Importer(815301076,1909f56bfc062723c751e8b465ee728b)
Number of updated assets reloaded before import = 0
Start importing Assets/Objects FBX/Random Materials/lambert1.mat using Guid(e3de83f6223a15444abbfcdfe001bee5) Importer(815301076,1909f56bfc062723c751e8b465ee728b)  -> (artifact id: '614dadffe5a43620f62016d9e074316b') in 0.020022 seconds 
Number of asset objects unloaded after import = 1
========================================================================
Received Import Request.
  Time since last request: 77.068801 seconds.
  path: Assets/Materials/Textures/Door_Texture_Lab_256.jpg
  artifactKey: Guid(e8e548f92bd173e44beb804f3b8edd06) Importer(815301076,1909f56bfc062723c751e8b465ee728b)
Number of updated assets reloaded before import = 0
Start importing Assets/Materials/Textures/Door_Texture_Lab_256.jpg using Guid(e8e548f92bd173e44beb804f3b8edd06) Importer(815301076,1909f56bfc062723c751e8b465ee728b)  -> (artifact id: 'fa47dea975bb6b0701afa6727f5a7b75') in 0.096665 seconds 
Number of asset objects unloaded after import = 2
========================================================================
Received Import Request.
  Time since last request: 458.294110 seconds.
  path: Assets/Sounds/Object Names/Closet_Object.mp3
  artifactKey: Guid(39e98e50c9fa6e24a918ef665d853392) Importer(815301076,1909f56bfc062723c751e8b465ee728b)
Number of updated assets reloaded before import = 0
Start importing Assets/Sounds/Object Names/Closet_Object.mp3 using Guid(39e98e50c9fa6e24a918ef665d853392) Importer(815301076,1909f56bfc062723c751e8b465ee728b)  -> (artifact id: '20db4a9022108d8a597d3b03d841b030') in 0.015640 seconds 
Number of asset objects unloaded after import = 2
========================================================================
Received Import Request.
  Time since last request: 32.162102 seconds.
  path: Assets/Objects FBX/BookShelf_fbx.fbx
  artifactKey: Guid(84d1ff7a191307643a1474b14a57f34a) Importer(815301076,1909f56bfc062723c751e8b465ee728b)
Number of updated assets reloaded before import = 0
Start importing Assets/Objects FBX/BookShelf_fbx.fbx using Guid(84d1ff7a191307643a1474b14a57f34a) Importer(815301076,1909f56bfc062723c751e8b465ee728b)  -> (artifact id: '088809604e08f24d1a39941db72be9ef') in 0.033971 seconds 
Number of asset objects unloaded after import = 9
========================================================================
Received Import Request.
  Time since last request: 15.351865 seconds.
  path: Assets/Objects FBX/BookShelf_fbx.fbx
  artifactKey: Guid(84d1ff7a191307643a1474b14a57f34a) Importer(815301076,1909f56bfc062723c751e8b465ee728b)
Number of updated assets reloaded before import = 0
Start importing Assets/Objects FBX/BookShelf_fbx.fbx using Guid(84d1ff7a191307643a1474b14a57f34a) Importer(815301076,1909f56bfc062723c751e8b465ee728b)  -> (artifact id: '9322154b903bdfb6f56c2f57c15b073b') in 0.022600 seconds 
Number of asset objects unloaded after import = 9
========================================================================
Received Import Request.
  Time since last request: 53.064131 seconds.
  path: Assets/Objects FBX/Random Materials/S_book.mat
  artifactKey: Guid(93ea3b1c410a6db4aa30cfeeeb65caf4) Importer(815301076,1909f56bfc062723c751e8b465ee728b)
Number of updated assets reloaded before import = 0
Start importing Assets/Objects FBX/Random Materials/S_book.mat using Guid(93ea3b1c410a6db4aa30cfeeeb65caf4) Importer(815301076,1909f56bfc062723c751e8b465ee728b)  -> (artifact id: '2c421f23c7010d916c8621b1baa211be') in 0.014852 seconds 
Number of asset objects unloaded after import = 1
========================================================================
Received Import Request.
  Time since last request: 8.394346 seconds.
  path: Assets/Objects FBX/Random Materials/textures/texture_bookshelf_001.jpg
  artifactKey: Guid(a01bced6d64b67644ad326c9025c6ff8) Importer(815301076,1909f56bfc062723c751e8b465ee728b)
Number of updated assets reloaded before import = 0
Start importing Assets/Objects FBX/Random Materials/textures/texture_bookshelf_001.jpg using Guid(a01bced6d64b67644ad326c9025c6ff8) Importer(815301076,1909f56bfc062723c751e8b465ee728b)  -> (artifact id: 'b9b32a9aaab0e51875dcd6d3ce2cfd6e') in 0.112087 seconds 
Number of asset objects unloaded after import = 2
========================================================================
Received Import Request.
  Time since last request: 0.000026 seconds.
  path: Assets/Objects FBX/Random Materials/textures/texture_wood_0n.jpg
  artifactKey: Guid(02b12f617e97b5a45b561ee59bbf2c9d) Importer(815301076,1909f56bfc062723c751e8b465ee728b)
Number of updated assets reloaded before import = 0
Start importing Assets/Objects FBX/Random Materials/textures/texture_wood_0n.jpg using Guid(02b12f617e97b5a45b561ee59bbf2c9d) Importer(815301076,1909f56bfc062723c751e8b465ee728b)  -> (artifact id: 'e65cc1b25bab431bb6b635ed2f8374a9') in 0.103862 seconds 
Number of asset objects unloaded after import = 2
========================================================================
Received Import Request.
  Time since last request: 0.000027 seconds.
  path: Assets/Objects FBX/Random Materials/textures/texture_bookshelf_001_n.jpg
  artifactKey: Guid(3b46df12fb654f94681a05c8c3765b92) Importer(815301076,1909f56bfc062723c751e8b465ee728b)
Number of updated assets reloaded before import = 0
Start importing Assets/Objects FBX/Random Materials/textures/texture_bookshelf_001_n.jpg using Guid(3b46df12fb654f94681a05c8c3765b92) Importer(815301076,1909f56bfc062723c751e8b465ee728b)  -> (artifact id: 'd77539c72366e859d757b291a8aa260f') in 0.076301 seconds 
Number of asset objects unloaded after import = 2
========================================================================
Received Import Request.
  Time since last request: 0.000032 seconds.
  path: Assets/Objects FBX/Random Materials/textures/texture_bookshelf_001_g.jpg
  artifactKey: Guid(2b2a8d3e9e015304db67a96b4e49d700) Importer(815301076,1909f56bfc062723c751e8b465ee728b)
Number of updated assets reloaded before import = 0
Start importing Assets/Objects FBX/Random Materials/textures/texture_bookshelf_001_g.jpg using Guid(2b2a8d3e9e015304db67a96b4e49d700) Importer(815301076,1909f56bfc062723c751e8b465ee728b)  -> (artifact id: 'be6ebb7f07adbc229fe6590b65b60581') in 0.086430 seconds 
Number of asset objects unloaded after import = 2
========================================================================
Received Import Request.
  Time since last request: 0.000022 seconds.
  path: Assets/Objects FBX/Random Materials/textures/texture_bookshelf_001_s.jpg
  artifactKey: Guid(30723df218be83548aaac47275702fef) Importer(815301076,1909f56bfc062723c751e8b465ee728b)
Number of updated assets reloaded before import = 0
Start importing Assets/Objects FBX/Random Materials/textures/texture_bookshelf_001_s.jpg using Guid(30723df218be83548aaac47275702fef) Importer(815301076,1909f56bfc062723c751e8b465ee728b)  -> (artifact id: 'c9c3c312d6acd69d332175dd6e57e608') in 0.071933 seconds 
Number of asset objects unloaded after import = 2
========================================================================
Received Import Request.
  Time since last request: 0.000028 seconds.
  path: Assets/Objects FBX/Random Materials/textures/texture_wood_0h.jpg
  artifactKey: Guid(da8182a1d59de4d4da70ed80b6febe67) Importer(815301076,1909f56bfc062723c751e8b465ee728b)
Number of updated assets reloaded before import = 0
Start importing Assets/Objects FBX/Random Materials/textures/texture_wood_0h.jpg using Guid(da8182a1d59de4d4da70ed80b6febe67) Importer(815301076,1909f56bfc062723c751e8b465ee728b)  -> (artifact id: '77f5037aec0171d454073616870e0cdc') in 0.075002 seconds 
Number of asset objects unloaded after import = 2
Editor requested this worker to shutdown with reason: Scaling down because of idle timeout
AssetImportWorker is now disconnected from the server
Process exiting
Exiting without the bug reporter. Application will terminate with return code 0